GAS LISTING /tmp/ccGWaBOg.s 			page 1


   1              		.file	"print.cpp"
   2              		.option pic
   3              		.option norelax
   4              		.text
   5              	.Ltext0:
   6              		.align	2
   7              		.globl	_Z12_printStringPKc
   9              	_Z12_printStringPKc:
  10              	.LFB16:
  11              		.file 1 "src/print.cpp"
   1:src/print.cpp **** #include "../h/print.hpp"
   2:src/print.cpp **** #include"../lib/console.h"
   3:src/print.cpp **** #include "../h/riscv.hpp"
   4:src/print.cpp **** 
   5:src/print.cpp **** void _printString(char const *string){
  12              		.loc 1 5 38
  13              		.cfi_startproc
  14              	.LVL0:
  15 0000 130101FE 		addi	sp,sp,-32
  16              		.cfi_def_cfa_offset 32
  17 0004 233C1100 		sd	ra,24(sp)
  18 0008 23388100 		sd	s0,16(sp)
  19 000c 23349100 		sd	s1,8(sp)
  20              		.cfi_offset 1, -8
  21              		.cfi_offset 8, -16
  22              		.cfi_offset 9, -24
  23 0010 13040102 		addi	s0,sp,32
  24              		.cfi_def_cfa 8, 0
  25 0014 93040500 		mv	s1,a0
  26              	.LVL1:
  27              	.L3:
   6:src/print.cpp **** 
   7:src/print.cpp ****     while(*string != '\0'){
  28              		.loc 1 7 5
  29              		.loc 1 7 19
  30              		.loc 1 7 11 is_stmt 0
  31 0018 03C50400 		lbu	a0,0(s1)
  32              		.loc 1 7 19
  33 001c 630A0500 		beqz	a0,.L1
   8:src/print.cpp ****         __putc(*string);
  34              		.loc 1 8 9 is_stmt 1
  35              		.loc 1 8 15 is_stmt 0
  36 0020 97000000 		call	__putc@plt
  36      E7800000 
  37              	.LVL2:
   9:src/print.cpp ****         string++;
  38              		.loc 1 9 9 is_stmt 1
  39              		.loc 1 9 15 is_stmt 0
  40 0028 93841400 		addi	s1,s1,1
  41              	.LVL3:
   7:src/print.cpp ****         __putc(*string);
  42              		.loc 1 7 5
  43 002c 6FF0DFFE 		j	.L3
  44              	.L1:
  10:src/print.cpp ****     }
  11:src/print.cpp **** }
  45              		.loc 1 11 1
GAS LISTING /tmp/ccGWaBOg.s 			page 2


  46 0030 83308101 		ld	ra,24(sp)
  47              		.cfi_restore 1
  48 0034 03340101 		ld	s0,16(sp)
  49              		.cfi_restore 8
  50              		.cfi_def_cfa 2, 32
  51 0038 83348100 		ld	s1,8(sp)
  52              		.cfi_restore 9
  53              	.LVL4:
  54 003c 13010102 		addi	sp,sp,32
  55              		.cfi_def_cfa_offset 0
  56 0040 67800000 		jr	ra
  57              		.cfi_endproc
  58              	.LFE16:
  60              		.align	2
  61              		.globl	_Z13_printIntegerm
  63              	_Z13_printIntegerm:
  64              	.LFB17:
  12:src/print.cpp **** 
  13:src/print.cpp **** void _printInteger(uint64 integer){
  65              		.loc 1 13 35 is_stmt 1
  66              		.cfi_startproc
  67              	.LVL5:
  68 0044 130101FD 		addi	sp,sp,-48
  69              		.cfi_def_cfa_offset 48
  70 0048 23341102 		sd	ra,40(sp)
  71 004c 23308102 		sd	s0,32(sp)
  72 0050 233C9100 		sd	s1,24(sp)
  73              		.cfi_offset 1, -8
  74              		.cfi_offset 8, -16
  75              		.cfi_offset 9, -24
  76 0054 13040103 		addi	s0,sp,48
  77              		.cfi_def_cfa 8, 0
  14:src/print.cpp ****     static char digits[] = "0123456789ABCDEF";
  78              		.loc 1 14 5
  15:src/print.cpp ****     char buf[16];
  79              		.loc 1 15 5
  16:src/print.cpp ****     int i;
  80              		.loc 1 16 5
  17:src/print.cpp ****     uint x;
  81              		.loc 1 17 5
  18:src/print.cpp **** 
  19:src/print.cpp ****     x = integer;
  82              		.loc 1 19 5
  83              		.loc 1 19 7 is_stmt 0
  84 0058 1B050500 		sext.w	a0,a0
  85              	.LVL6:
  20:src/print.cpp **** 
  21:src/print.cpp ****     i = 0;
  86              		.loc 1 21 5 is_stmt 1
  87              		.loc 1 21 7 is_stmt 0
  88 005c 93040000 		li	s1,0
  89              	.LVL7:
  90              	.L6:
  22:src/print.cpp ****     do{
  91              		.loc 1 22 5 is_stmt 1
  23:src/print.cpp ****         buf[i++] = digits[x % 16];
  92              		.loc 1 23 9
GAS LISTING /tmp/ccGWaBOg.s 			page 3


  93              		.loc 1 23 33 is_stmt 0
  94 0060 9376F500 		andi	a3,a0,15
  95 0064 17070000 		lla	a4,.LANCHOR0
  95      13070700 
  96 006c 3307D700 		add	a4,a4,a3
  97 0070 03470700 		lbu	a4,0(a4)
  98              		.loc 1 23 18
  99 0074 930604FE 		addi	a3,s0,-32
 100 0078 B3879600 		add	a5,a3,s1
 101 007c 9B841400 		addiw	s1,s1,1
 102              	.LVL8:
 103 0080 2388E7FE 		sb	a4,-16(a5)
  24:src/print.cpp ****     } while((x/= 16) != 0);
 104              		.loc 1 24 22 is_stmt 1
 105 0084 1B070500 		sext.w	a4,a0
 106              		.loc 1 24 15 is_stmt 0
 107 0088 1B554500 		srliw	a0,a0,4
 108              	.LVL9:
 109              		.loc 1 24 22
 110 008c 9307F000 		li	a5,15
 111 0090 E3E8E7FC 		bgtu	a4,a5,.L6
 112              	.LVL10:
 113              	.L8:
  25:src/print.cpp **** 
  26:src/print.cpp ****     while(--i >= 0) __putc(buf[i]);
 114              		.loc 1 26 5 is_stmt 1
 115              		.loc 1 26 15
 116 0094 9B84F4FF 		addiw	s1,s1,-1
 117              	.LVL11:
 118 0098 63CE0400 		bltz	s1,.L5
 119              		.loc 1 26 21 discriminator 1
 120              		.loc 1 26 27 is_stmt 0 discriminator 1
 121 009c 930704FE 		addi	a5,s0,-32
 122 00a0 B3879700 		add	a5,a5,s1
 123 00a4 03C507FF 		lbu	a0,-16(a5)
 124 00a8 97000000 		call	__putc@plt
 124      E7800000 
 125              	.LVL12:
 126 00b0 6FF05FFE 		j	.L8
 127              	.L5:
  27:src/print.cpp **** }
 128              		.loc 1 27 1
 129 00b4 83308102 		ld	ra,40(sp)
 130              		.cfi_restore 1
 131 00b8 03340102 		ld	s0,32(sp)
 132              		.cfi_restore 8
 133              		.cfi_def_cfa 2, 48
 134 00bc 83348101 		ld	s1,24(sp)
 135              		.cfi_restore 9
 136 00c0 13010103 		addi	sp,sp,48
 137              		.cfi_def_cfa_offset 0
 138 00c4 67800000 		jr	ra
 139              		.cfi_endproc
 140              	.LFE17:
 142              		.section	.rodata
 143              		.align	3
 144              		.set	.LANCHOR0,. + 0
GAS LISTING /tmp/ccGWaBOg.s 			page 4


 147              	_ZZ13_printIntegermE6digits:
 148 0000 30313233 		.string	"0123456789ABCDEF"
 148      34353637 
 148      38394142 
 148      43444546 
 148      00
 149              		.text
 150              	.Letext0:
 151              		.file 2 "src/../h/../lib/hw.h"
 152              		.file 3 "src/../lib/console.h"
GAS LISTING /tmp/ccGWaBOg.s 			page 5


DEFINED SYMBOLS
                            *ABS*:0000000000000000 print.cpp
     /tmp/ccGWaBOg.s:9      .text:0000000000000000 _Z12_printStringPKc
     /tmp/ccGWaBOg.s:13     .text:0000000000000000 .L0 
     /tmp/ccGWaBOg.s:15     .text:0000000000000000 .L0 
     /tmp/ccGWaBOg.s:16     .text:0000000000000004 .L0 
     /tmp/ccGWaBOg.s:20     .text:0000000000000010 .L0 
     /tmp/ccGWaBOg.s:21     .text:0000000000000010 .L0 
     /tmp/ccGWaBOg.s:22     .text:0000000000000010 .L0 
     /tmp/ccGWaBOg.s:24     .text:0000000000000014 .L0 
     /tmp/ccGWaBOg.s:29     .text:0000000000000018 .L0 
     /tmp/ccGWaBOg.s:30     .text:0000000000000018 .L0 
     /tmp/ccGWaBOg.s:31     .text:0000000000000018 .L0 
     /tmp/ccGWaBOg.s:33     .text:000000000000001c .L0 
     /tmp/ccGWaBOg.s:35     .text:0000000000000020 .L0 
     /tmp/ccGWaBOg.s:36     .text:0000000000000020 .L0 
     /tmp/ccGWaBOg.s:39     .text:0000000000000028 .L0 
     /tmp/ccGWaBOg.s:40     .text:0000000000000028 .L0 
     /tmp/ccGWaBOg.s:43     .text:000000000000002c .L0 
     /tmp/ccGWaBOg.s:46     .text:0000000000000030 .L0 
     /tmp/ccGWaBOg.s:47     .text:0000000000000034 .L0 
     /tmp/ccGWaBOg.s:49     .text:0000000000000038 .L0 
     /tmp/ccGWaBOg.s:50     .text:0000000000000038 .L0 
     /tmp/ccGWaBOg.s:52     .text:000000000000003c .L0 
     /tmp/ccGWaBOg.s:55     .text:0000000000000040 .L0 
     /tmp/ccGWaBOg.s:57     .text:0000000000000044 .L0 
     /tmp/ccGWaBOg.s:63     .text:0000000000000044 _Z13_printIntegerm
     /tmp/ccGWaBOg.s:66     .text:0000000000000044 .L0 
     /tmp/ccGWaBOg.s:68     .text:0000000000000044 .L0 
     /tmp/ccGWaBOg.s:69     .text:0000000000000048 .L0 
     /tmp/ccGWaBOg.s:73     .text:0000000000000054 .L0 
     /tmp/ccGWaBOg.s:74     .text:0000000000000054 .L0 
     /tmp/ccGWaBOg.s:75     .text:0000000000000054 .L0 
     /tmp/ccGWaBOg.s:77     .text:0000000000000058 .L0 
     /tmp/ccGWaBOg.s:79     .text:0000000000000058 .L0 
     /tmp/ccGWaBOg.s:80     .text:0000000000000058 .L0 
     /tmp/ccGWaBOg.s:81     .text:0000000000000058 .L0 
     /tmp/ccGWaBOg.s:82     .text:0000000000000058 .L0 
     /tmp/ccGWaBOg.s:83     .text:0000000000000058 .L0 
     /tmp/ccGWaBOg.s:84     .text:0000000000000058 .L0 
     /tmp/ccGWaBOg.s:87     .text:000000000000005c .L0 
     /tmp/ccGWaBOg.s:88     .text:000000000000005c .L0 
     /tmp/ccGWaBOg.s:92     .text:0000000000000060 .L0 
     /tmp/ccGWaBOg.s:93     .text:0000000000000060 .L0 
     /tmp/ccGWaBOg.s:94     .text:0000000000000060 .L0 
     /tmp/ccGWaBOg.s:99     .text:0000000000000074 .L0 
     /tmp/ccGWaBOg.s:105    .text:0000000000000084 .L0 
     /tmp/ccGWaBOg.s:107    .text:0000000000000088 .L0 
     /tmp/ccGWaBOg.s:110    .text:000000000000008c .L0 
     /tmp/ccGWaBOg.s:115    .text:0000000000000094 .L0 
     /tmp/ccGWaBOg.s:116    .text:0000000000000094 .L0 
     /tmp/ccGWaBOg.s:120    .text:000000000000009c .L0 
     /tmp/ccGWaBOg.s:121    .text:000000000000009c .L0 
     /tmp/ccGWaBOg.s:129    .text:00000000000000b4 .L0 
     /tmp/ccGWaBOg.s:130    .text:00000000000000b8 .L0 
     /tmp/ccGWaBOg.s:132    .text:00000000000000bc .L0 
     /tmp/ccGWaBOg.s:133    .text:00000000000000bc .L0 
GAS LISTING /tmp/ccGWaBOg.s 			page 6


     /tmp/ccGWaBOg.s:135    .text:00000000000000c0 .L0 
     /tmp/ccGWaBOg.s:137    .text:00000000000000c4 .L0 
     /tmp/ccGWaBOg.s:139    .text:00000000000000c8 .L0 
     /tmp/ccGWaBOg.s:144    .rodata:0000000000000000 .LANCHOR0
     /tmp/ccGWaBOg.s:147    .rodata:0000000000000000 _ZZ13_printIntegermE6digits
     /tmp/ccGWaBOg.s:153    .text:00000000000000c8 .L0 
     /tmp/ccGWaBOg.s:95     .text:0000000000000064 .L0 
     /tmp/ccGWaBOg.s:44     .text:0000000000000030 .L1
     /tmp/ccGWaBOg.s:27     .text:0000000000000018 .L3
     /tmp/ccGWaBOg.s:90     .text:0000000000000060 .L6
     /tmp/ccGWaBOg.s:127    .text:00000000000000b4 .L5
     /tmp/ccGWaBOg.s:113    .text:0000000000000094 .L8
     /tmp/ccGWaBOg.s:407    .debug_abbrev:0000000000000000 .Ldebug_abbrev0
     /tmp/ccGWaBOg.s:805    .debug_str:0000000000000106 .LASF26
     /tmp/ccGWaBOg.s:789    .debug_str:0000000000000090 .LASF27
     /tmp/ccGWaBOg.s:781    .debug_str:000000000000003b .LASF28
     /tmp/ccGWaBOg.s:5      .text:0000000000000000 .Ltext0
     /tmp/ccGWaBOg.s:150    .text:00000000000000c8 .Letext0
     /tmp/ccGWaBOg.s:771    .debug_line:0000000000000000 .Ldebug_line0
     /tmp/ccGWaBOg.s:809    .debug_str:00000000000001d8 .LASF3
     /tmp/ccGWaBOg.s:811    .debug_str:00000000000001dd .LASF0
     /tmp/ccGWaBOg.s:801    .debug_str:00000000000000e7 .LASF1
     /tmp/ccGWaBOg.s:797    .debug_str:00000000000000c7 .LASF2
     /tmp/ccGWaBOg.s:785    .debug_str:0000000000000073 .LASF4
     /tmp/ccGWaBOg.s:799    .debug_str:00000000000000d5 .LASF5
     /tmp/ccGWaBOg.s:777    .debug_str:0000000000000027 .LASF6
     /tmp/ccGWaBOg.s:773    .debug_str:0000000000000000 .LASF7
     /tmp/ccGWaBOg.s:793    .debug_str:00000000000000a5 .LASF8
     /tmp/ccGWaBOg.s:817    .debug_str:00000000000001f6 .LASF9
     /tmp/ccGWaBOg.s:783    .debug_str:0000000000000065 .LASF10
     /tmp/ccGWaBOg.s:831    .debug_str:000000000000025e .LASF11
     /tmp/ccGWaBOg.s:795    .debug_str:00000000000000b8 .LASF12
     /tmp/ccGWaBOg.s:829    .debug_str:000000000000024e .LASF13
     /tmp/ccGWaBOg.s:821    .debug_str:000000000000021c .LASF14
     /tmp/ccGWaBOg.s:803    .debug_str:00000000000000fa .LASF15
     /tmp/ccGWaBOg.s:787    .debug_str:000000000000007a .LASF16
     /tmp/ccGWaBOg.s:819    .debug_str:0000000000000206 .LASF17
     /tmp/ccGWaBOg.s:807    .debug_str:00000000000001ca .LASF20
     /tmp/ccGWaBOg.s:825    .debug_str:0000000000000233 .LASF22
     /tmp/ccGWaBOg.s:64     .text:0000000000000044 .LFB17
     /tmp/ccGWaBOg.s:140    .text:00000000000000c8 .LFE17
     /tmp/ccGWaBOg.s:827    .debug_str:0000000000000246 .LASF24
     /tmp/ccGWaBOg.s:700    .debug_loc:0000000000000000 .LLST1
     /tmp/ccGWaBOg.s:823    .debug_str:000000000000022c .LASF18
     /tmp/ccGWaBOg.s:714    .debug_loc:0000000000000039 .LLST2
     /tmp/ccGWaBOg.s:732    .debug_loc:0000000000000085 .LLST3
     /tmp/ccGWaBOg.s:125    .text:00000000000000b0 .LVL12
     /tmp/ccGWaBOg.s:813    .debug_str:00000000000001ea .LASF19
     /tmp/ccGWaBOg.s:779    .debug_str:000000000000002e .LASF21
     /tmp/ccGWaBOg.s:775    .debug_str:0000000000000013 .LASF23
     /tmp/ccGWaBOg.s:10     .text:0000000000000000 .LFB16
     /tmp/ccGWaBOg.s:58     .text:0000000000000044 .LFE16
     /tmp/ccGWaBOg.s:791    .debug_str:000000000000009e .LASF25
     /tmp/ccGWaBOg.s:747    .debug_loc:00000000000000bf .LLST0
     /tmp/ccGWaBOg.s:37     .text:0000000000000028 .LVL2
     /tmp/ccGWaBOg.s:815    .debug_str:00000000000001ef .LASF29
     /tmp/ccGWaBOg.s:67     .text:0000000000000044 .LVL5
GAS LISTING /tmp/ccGWaBOg.s 			page 7


     /tmp/ccGWaBOg.s:85     .text:000000000000005c .LVL6
     /tmp/ccGWaBOg.s:89     .text:0000000000000060 .LVL7
     /tmp/ccGWaBOg.s:102    .text:0000000000000080 .LVL8
     /tmp/ccGWaBOg.s:112    .text:0000000000000094 .LVL10
     /tmp/ccGWaBOg.s:117    .text:0000000000000098 .LVL11
     /tmp/ccGWaBOg.s:108    .text:000000000000008c .LVL9
     /tmp/ccGWaBOg.s:14     .text:0000000000000000 .LVL0
     /tmp/ccGWaBOg.s:26     .text:0000000000000018 .LVL1
     /tmp/ccGWaBOg.s:53     .text:000000000000003c .LVL4
     /tmp/ccGWaBOg.s:154    .debug_info:0000000000000000 .Ldebug_info0

UNDEFINED SYMBOLS
__putc
