GAS LISTING /tmp/ccDsEJmF.s 			page 1


   1              		.file	"tcb.cpp"
   2              		.option pic
   3              		.option norelax
   4              		.text
   5              	.Ltext0:
   6              		.align	2
   7              		.globl	_ZN3TCB13threadWrapperEv
   9              	_ZN3TCB13threadWrapperEv:
  10              	.LFB36:
  11              		.file 1 "src/tcb.cpp"
   1:src/tcb.cpp   **** //#include "../h/ccb.hpp"
   2:src/tcb.cpp   **** #include "../h/riscv.hpp"
   3:src/tcb.cpp   **** #include "../h/scheduler.hpp"
   4:src/tcb.cpp   **** #include "../h/tcb.hpp"
   5:src/tcb.cpp   **** 
   6:src/tcb.cpp   **** #include "../h/syscall_c.h"
   7:src/tcb.cpp   **** 
   8:src/tcb.cpp   **** #include "../test/printing.hpp"
   9:src/tcb.cpp   **** 
  10:src/tcb.cpp   **** TCB *TCB::running = nullptr;
  11:src/tcb.cpp   **** 
  12:src/tcb.cpp   **** //uint64 TCB::timeSliceCounter = 0;
  13:src/tcb.cpp   **** 
  14:src/tcb.cpp   **** TCB * TCB::createThread(TCB::Body body, void* arguments, char* stack_space) {
  15:src/tcb.cpp   ****     return new TCB(body, arguments, stack_space);
  16:src/tcb.cpp   **** }
  17:src/tcb.cpp   **** 
  18:src/tcb.cpp   **** 
  19:src/tcb.cpp   **** void TCB::dispatch(){
  20:src/tcb.cpp   ****     //treba da se doda i provera za blocked
  21:src/tcb.cpp   ****     TCB *old = running;
  22:src/tcb.cpp   ****     if(!old->isFinished() && old->getActive()) { Scheduler::put(old); }
  23:src/tcb.cpp   ****     running = Scheduler::get();
  24:src/tcb.cpp   **** //    printInt((long )running, 16);
  25:src/tcb.cpp   **** //    putc('\n');
  26:src/tcb.cpp   ****     if (old != running) TCB::contextSwitch(&old->context, &running->context);
  27:src/tcb.cpp   **** }
  28:src/tcb.cpp   **** 
  29:src/tcb.cpp   **** void TCB::threadWrapper() {
  12              		.loc 1 29 27
  13              		.cfi_startproc
  14 0000 130101FF 		addi	sp,sp,-16
  15              		.cfi_def_cfa_offset 16
  16 0004 23341100 		sd	ra,8(sp)
  17 0008 23308100 		sd	s0,0(sp)
  18              		.cfi_offset 1, -8
  19              		.cfi_offset 8, -16
  20 000c 13040101 		addi	s0,sp,16
  21              		.cfi_def_cfa 8, 0
  30:src/tcb.cpp   ****     Riscv::popSppSpie();
  22              		.loc 1 30 5
  23              		.loc 1 30 22 is_stmt 0
  24 0010 97000000 		call	_ZN5Riscv10popSppSpieEv@plt
  24      E7800000 
  25              	.LVL0:
  31:src/tcb.cpp   ****     running->body(running->argumentiFje);
  26              		.loc 1 31 5 is_stmt 1
GAS LISTING /tmp/ccDsEJmF.s 			page 2


  27              		.loc 1 31 14 is_stmt 0
  28 0018 97070000 		ld	a5,.LANCHOR0
  28      83B70700 
  29 0020 03B70700 		ld	a4,0(a5)
  30              		.loc 1 31 18
  31 0024 03B58700 		ld	a0,8(a5)
  32 0028 E7000700 		jalr	a4
  33              	.LVL1:
  32:src/tcb.cpp   ****     thread_exit();
  34              		.loc 1 32 5 is_stmt 1
  35              		.loc 1 32 16 is_stmt 0
  36 002c 97000000 		call	_Z11thread_exitv@plt
  36      E7800000 
  37              	.LVL2:
  33:src/tcb.cpp   **** }
  38              		.loc 1 33 1
  39 0034 83308100 		ld	ra,8(sp)
  40              		.cfi_restore 1
  41 0038 03340100 		ld	s0,0(sp)
  42              		.cfi_restore 8
  43              		.cfi_def_cfa 2, 16
  44 003c 13010101 		addi	sp,sp,16
  45              		.cfi_def_cfa_offset 0
  46 0040 67800000 		jr	ra
  47              		.cfi_endproc
  48              	.LFE36:
  50              		.align	2
  51              		.globl	_ZN3TCB12createThreadEPFvPvES0_Pc
  53              	_ZN3TCB12createThreadEPFvPvES0_Pc:
  54              	.LFB34:
  14:src/tcb.cpp   ****     return new TCB(body, arguments, stack_space);
  55              		.loc 1 14 77 is_stmt 1
  56              		.cfi_startproc
  57              		.cfi_personality 0x9b,DW.ref.__gxx_personality_v0
  58              		.cfi_lsda 0x1b,.LLSDA34
  59              	.LVL3:
  60 0044 130101FD 		addi	sp,sp,-48
  61              		.cfi_def_cfa_offset 48
  62 0048 23341102 		sd	ra,40(sp)
  63 004c 23308102 		sd	s0,32(sp)
  64 0050 233C9100 		sd	s1,24(sp)
  65 0054 23382101 		sd	s2,16(sp)
  66 0058 23343101 		sd	s3,8(sp)
  67 005c 23304101 		sd	s4,0(sp)
  68              		.cfi_offset 1, -8
  69              		.cfi_offset 8, -16
  70              		.cfi_offset 9, -24
  71              		.cfi_offset 18, -32
  72              		.cfi_offset 19, -40
  73              		.cfi_offset 20, -48
  74 0060 13040103 		addi	s0,sp,48
  75              		.cfi_def_cfa 8, 0
  76 0064 93090500 		mv	s3,a0
  77 0068 138A0500 		mv	s4,a1
  78 006c 13090600 		mv	s2,a2
  15:src/tcb.cpp   **** }
  79              		.loc 1 15 5
GAS LISTING /tmp/ccDsEJmF.s 			page 3


  15:src/tcb.cpp   **** }
  80              		.loc 1 15 48 is_stmt 0
  81 0070 13050003 		li	a0,48
  82              	.LVL4:
  83              	.LEHB0:
  84 0074 97000000 		call	_Znwm@plt
  84      E7800000 
  85              	.LVL5:
  86              	.LEHE0:
  87 007c 93040500 		mv	s1,a0
  88              	.LVL6:
  89              	.LBB9:
  90              	.LBB10:
  91              		.file 2 "src/../h/tcb.hpp"
   1:src/../h/tcb.hpp **** #ifndef OS1_PROJEKAT_TCB_HPP
   2:src/../h/tcb.hpp **** #define OS1_PROJEKAT_TCB_HPP
   3:src/../h/tcb.hpp **** 
   4:src/../h/tcb.hpp **** #include "scheduler.hpp"
   5:src/../h/tcb.hpp **** #include "../lib/hw.h"
   6:src/../h/tcb.hpp **** 
   7:src/../h/tcb.hpp **** class TCB{
   8:src/../h/tcb.hpp **** public:
   9:src/../h/tcb.hpp ****     using Body = void (*)(void*);
  10:src/../h/tcb.hpp ****     //using Body = void (*)();
  11:src/../h/tcb.hpp **** private:
  12:src/../h/tcb.hpp ****     friend class Riscv;
  13:src/../h/tcb.hpp ****     //friend class Sem; a
  14:src/../h/tcb.hpp **** 
  15:src/../h/tcb.hpp ****     TCB(Body body, void* arg, char *stek) :
  16:src/../h/tcb.hpp ****             body(body),
  17:src/../h/tcb.hpp ****             argumentiFje(arg),
  18:src/../h/tcb.hpp ****             stack(body != nullptr ? stek : nullptr),
  19:src/../h/tcb.hpp ****             context({
  20:src/../h/tcb.hpp ****                             (uint64) &threadWrapper,
  21:src/../h/tcb.hpp ****                             stack != nullptr ? (uint64) &stack[DEFAULT_STACK_SIZE] : 0
  22:src/../h/tcb.hpp ****                     }),
  23:src/../h/tcb.hpp ****             finished(false),
  24:src/../h/tcb.hpp ****             active(true)
  92              		.loc 2 24 24
  93 0080 23303501 		sd	s3,0(a0)
  94 0084 23344501 		sd	s4,8(a0)
  18:src/../h/tcb.hpp ****             context({
  95              		.loc 2 18 35
  96 0088 63820904 		beqz	s3,.L12
  97              	.LVL7:
  98              	.L4:
  99              		.loc 2 24 24
 100 008c 23B82401 		sd	s2,16(s1)
 101 0090 97070000 		lla	a5,_ZN3TCB13threadWrapperEv
 101      93870700 
 102 0098 23BCF400 		sd	a5,24(s1)
  21:src/../h/tcb.hpp ****                     }),
 103              		.loc 2 21 46
 104 009c 630C0902 		beqz	s2,.L9
  21:src/../h/tcb.hpp ****                     }),
 105              		.loc 2 21 57
 106 00a0 37160000 		li	a2,4096
GAS LISTING /tmp/ccDsEJmF.s 			page 4


 107 00a4 3309C900 		add	s2,s2,a2
 108              	.L5:
 109              		.loc 2 24 24
 110 00a8 23B02403 		sd	s2,32(s1)
 111 00ac 23840402 		sb	zero,40(s1)
 112 00b0 93071000 		li	a5,1
 113 00b4 A384F402 		sb	a5,41(s1)
  25:src/../h/tcb.hpp ****     {
  26:src/../h/tcb.hpp ****         if(body!=nullptr) Scheduler::put(this);
 114              		.loc 2 26 9 is_stmt 1
 115 00b8 63800904 		beqz	s3,.L3
 116              		.loc 2 26 27
 117              		.loc 2 26 41 is_stmt 0
 118 00bc 13850400 		mv	a0,s1
 119              	.LEHB1:
 120 00c0 97000000 		call	_ZN9Scheduler3putEP3TCB@plt
 120      E7800000 
 121              	.LVL8:
 122              	.LEHE1:
 123 00c8 6F000003 		j	.L3
 124              	.LVL9:
 125              	.L12:
  18:src/../h/tcb.hpp ****             context({
 126              		.loc 2 18 35
 127 00cc 13090000 		li	s2,0
 128              	.LVL10:
 129 00d0 6FF0DFFB 		j	.L4
 130              	.L9:
  21:src/../h/tcb.hpp ****                     }),
 131              		.loc 2 21 46
 132 00d4 13090000 		li	s2,0
 133 00d8 6FF01FFD 		j	.L5
 134              	.L10:
 135 00dc 13090500 		mv	s2,a0
 136              	.LBE10:
 137              	.LBE9:
  15:src/tcb.cpp   **** }
 138              		.loc 1 15 48
 139 00e0 13850400 		mv	a0,s1
 140 00e4 97000000 		call	_ZdlPv@plt
 140      E7800000 
 141              	.LVL11:
 142 00ec 13050900 		mv	a0,s2
 143              	.LEHB2:
 144 00f0 97000000 		call	_Unwind_Resume@plt
 144      E7800000 
 145              	.LVL12:
 146              	.LEHE2:
 147              	.L3:
  16:src/tcb.cpp   **** 
 148              		.loc 1 16 1
 149 00f8 13850400 		mv	a0,s1
 150 00fc 83308102 		ld	ra,40(sp)
 151              		.cfi_restore 1
 152 0100 03340102 		ld	s0,32(sp)
 153              		.cfi_restore 8
 154              		.cfi_def_cfa 2, 48
GAS LISTING /tmp/ccDsEJmF.s 			page 5


 155 0104 83348101 		ld	s1,24(sp)
 156              		.cfi_restore 9
 157              	.LVL13:
 158 0108 03390101 		ld	s2,16(sp)
 159              		.cfi_restore 18
 160 010c 83398100 		ld	s3,8(sp)
 161              		.cfi_restore 19
 162              	.LVL14:
 163 0110 033A0100 		ld	s4,0(sp)
 164              		.cfi_restore 20
 165              	.LVL15:
 166 0114 13010103 		addi	sp,sp,48
 167              		.cfi_def_cfa_offset 0
 168 0118 67800000 		jr	ra
 169              		.cfi_endproc
 170              	.LFE34:
 171              		.globl	__gxx_personality_v0
 172              		.section	.gcc_except_table,"a",@progbits
 173              	.LLSDA34:
 174 0000 FF       		.byte	0xff
 175 0001 FF       		.byte	0xff
 176 0002 03       		.byte	0x3
 177 0003 27       		.byte	0x27
 178 0004 00000000 		.4byte	.LEHB0-.LFB34
 179 0008 00000000 		.4byte	.LEHE0-.LEHB0
 180 000c 00000000 		.4byte	0
 181 0010 00       		.byte	0
 182 0011 00000000 		.4byte	.LEHB1-.LFB34
 183 0015 00000000 		.4byte	.LEHE1-.LEHB1
 184 0019 00000000 		.4byte	.L10-.LFB34
 185 001d 00       		.byte	0
 186 001e 00000000 		.4byte	.LEHB2-.LFB34
 187 0022 00000000 		.4byte	.LEHE2-.LEHB2
 188 0026 00000000 		.4byte	0
 189 002a 00       		.byte	0
 190              		.text
 192              		.align	2
 193              		.globl	_ZN3TCB8dispatchEv
 195              	_ZN3TCB8dispatchEv:
 196              	.LFB35:
  19:src/tcb.cpp   ****     //treba da se doda i provera za blocked
 197              		.loc 1 19 21 is_stmt 1
 198              		.cfi_startproc
 199 011c 130101FE 		addi	sp,sp,-32
 200              		.cfi_def_cfa_offset 32
 201 0120 233C1100 		sd	ra,24(sp)
 202 0124 23388100 		sd	s0,16(sp)
 203 0128 23349100 		sd	s1,8(sp)
 204              		.cfi_offset 1, -8
 205              		.cfi_offset 8, -16
 206              		.cfi_offset 9, -24
 207 012c 13040102 		addi	s0,sp,32
 208              		.cfi_def_cfa 8, 0
  21:src/tcb.cpp   ****     if(!old->isFinished() && old->getActive()) { Scheduler::put(old); }
 209              		.loc 1 21 5
  21:src/tcb.cpp   ****     if(!old->isFinished() && old->getActive()) { Scheduler::put(old); }
 210              		.loc 1 21 10 is_stmt 0
GAS LISTING /tmp/ccDsEJmF.s 			page 6


 211 0130 97040000 		ld	s1,.LANCHOR0
 211      83B40400 
 212              	.LVL16:
  22:src/tcb.cpp   ****     running = Scheduler::get();
 213              		.loc 1 22 5 is_stmt 1
 214              	.LBB11:
 215              	.LBB12:
  27:src/../h/tcb.hpp ****     }
  28:src/../h/tcb.hpp **** 
  29:src/../h/tcb.hpp ****     struct Context{
  30:src/../h/tcb.hpp ****         uint64 ra;
  31:src/../h/tcb.hpp ****         uint64 sp;
  32:src/../h/tcb.hpp ****     };  //a
  33:src/../h/tcb.hpp **** 
  34:src/../h/tcb.hpp ****     Body body;
  35:src/../h/tcb.hpp ****     void* argumentiFje;
  36:src/../h/tcb.hpp ****     char *stack;
  37:src/../h/tcb.hpp ****     Context context;
  38:src/../h/tcb.hpp ****     //uint64 timeSlice;
  39:src/../h/tcb.hpp ****     volatile bool finished;
  40:src/../h/tcb.hpp ****     bool  active;
  41:src/../h/tcb.hpp ****     //static uint64 timeSliceCounter;
  42:src/../h/tcb.hpp ****     static void threadWrapper();
  43:src/../h/tcb.hpp **** 
  44:src/../h/tcb.hpp **** 
  45:src/../h/tcb.hpp **** public:
  46:src/../h/tcb.hpp ****     ~TCB(){ delete[] stack; }
  47:src/../h/tcb.hpp **** 
  48:src/../h/tcb.hpp ****     //static TCB* createNewTCB(Body body, void* args, void* stack);
  49:src/../h/tcb.hpp **** 
  50:src/../h/tcb.hpp ****     bool isFinished() const { return finished; }
 216              		.loc 2 50 31
 217              		.loc 2 50 38 is_stmt 0
 218 0138 83C78402 		lbu	a5,40(s1)
 219 013c 93F7F70F 		andi	a5,a5,0xff
 220              	.LVL17:
 221              	.LBE12:
 222              	.LBE11:
  22:src/tcb.cpp   ****     running = Scheduler::get();
 223              		.loc 1 22 27
 224 0140 63960700 		bnez	a5,.L14
 225              	.LVL18:
 226              	.LBB13:
 227              	.LBB14:
  51:src/../h/tcb.hpp ****     void setFinished(bool flag) { finished = flag; }
  52:src/../h/tcb.hpp **** 
  53:src/../h/tcb.hpp ****     bool getActive () const { return active; }
 228              		.loc 2 53 31 is_stmt 1
 229              		.loc 2 53 38 is_stmt 0
 230 0144 83C79402 		lbu	a5,41(s1)
 231              	.LVL19:
 232              	.LBE14:
 233              	.LBE13:
  22:src/tcb.cpp   ****     running = Scheduler::get();
 234              		.loc 1 22 27
 235 0148 639E0702 		bnez	a5,.L17
 236              	.L14:
GAS LISTING /tmp/ccDsEJmF.s 			page 7


  23:src/tcb.cpp   **** //    printInt((long )running, 16);
 237              		.loc 1 23 5 is_stmt 1
  23:src/tcb.cpp   **** //    printInt((long )running, 16);
 238              		.loc 1 23 29 is_stmt 0
 239 014c 97000000 		call	_ZN9Scheduler3getEv@plt
 239      E7800000 
 240              	.LVL20:
  23:src/tcb.cpp   **** //    printInt((long )running, 16);
 241              		.loc 1 23 13
 242 0154 97070000 		sd	a0,.LANCHOR0,a5
 242      23B0A700 
  26:src/tcb.cpp   **** }
 243              		.loc 1 26 5 is_stmt 1
 244 015c 638AA400 		beq	s1,a0,.L13
  26:src/tcb.cpp   **** }
 245              		.loc 1 26 25 discriminator 1
  26:src/tcb.cpp   **** }
 246              		.loc 1 26 43 is_stmt 0 discriminator 1
 247 0160 93058501 		addi	a1,a0,24
 248 0164 13858401 		addi	a0,s1,24
 249 0168 97000000 		call	_ZN3TCB13contextSwitchEPNS_7ContextES1_@plt
 249      E7800000 
 250              	.LVL21:
 251              	.L13:
  27:src/tcb.cpp   **** 
 252              		.loc 1 27 1
 253 0170 83308101 		ld	ra,24(sp)
 254              		.cfi_remember_state
 255              		.cfi_restore 1
 256 0174 03340101 		ld	s0,16(sp)
 257              		.cfi_restore 8
 258              		.cfi_def_cfa 2, 32
 259 0178 83348100 		ld	s1,8(sp)
 260              		.cfi_restore 9
 261              	.LVL22:
 262 017c 13010102 		addi	sp,sp,32
 263              		.cfi_def_cfa_offset 0
 264 0180 67800000 		jr	ra
 265              	.LVL23:
 266              	.L17:
 267              		.cfi_restore_state
  22:src/tcb.cpp   ****     running = Scheduler::get();
 268              		.loc 1 22 50 is_stmt 1
  22:src/tcb.cpp   ****     running = Scheduler::get();
 269              		.loc 1 22 64 is_stmt 0
 270 0184 13850400 		mv	a0,s1
 271 0188 97000000 		call	_ZN9Scheduler3putEP3TCB@plt
 271      E7800000 
 272              	.LVL24:
 273 0190 6FF0DFFB 		j	.L14
 274              		.cfi_endproc
 275              	.LFE35:
 277              		.globl	_ZN3TCB7runningE
 278              		.bss
 279              		.align	3
 280              		.set	.LANCHOR0,. + 0
 283              	_ZN3TCB7runningE:
GAS LISTING /tmp/ccDsEJmF.s 			page 8


 284 0000 00000000 		.zero	8
 284      00000000 
 285              		.text
 286              	.Letext0:
 287              		.file 3 "src/../h/../lib/hw.h"
 288              		.file 4 "src/../h/riscv.hpp"
 289              		.file 5 "src/../h/scheduler.hpp"
 290              		.file 6 "src/../h/syscall_c.h"
 2428              		.align	3
 2431              	DW.ref.__gxx_personality_v0:
 2432 0000 00000000 		.dword	__gxx_personality_v0
 2432      00000000 
 2433              		.ident	"GCC: (Ubuntu 9.4.0-1ubuntu1~20.04) 9.4.0"
 2434              		.section	.note.GNU-stack,"",@progbits
GAS LISTING /tmp/ccDsEJmF.s 			page 9


DEFINED SYMBOLS
                            *ABS*:0000000000000000 tcb.cpp
     /tmp/ccDsEJmF.s:9      .text:0000000000000000 _ZN3TCB13threadWrapperEv
     /tmp/ccDsEJmF.s:13     .text:0000000000000000 .L0 
     /tmp/ccDsEJmF.s:14     .text:0000000000000000 .L0 
     /tmp/ccDsEJmF.s:15     .text:0000000000000004 .L0 
     /tmp/ccDsEJmF.s:18     .text:000000000000000c .L0 
     /tmp/ccDsEJmF.s:19     .text:000000000000000c .L0 
     /tmp/ccDsEJmF.s:21     .text:0000000000000010 .L0 
     /tmp/ccDsEJmF.s:23     .text:0000000000000010 .L0 
     /tmp/ccDsEJmF.s:24     .text:0000000000000010 .L0 
     /tmp/ccDsEJmF.s:27     .text:0000000000000018 .L0 
     /tmp/ccDsEJmF.s:28     .text:0000000000000018 .L0 
     /tmp/ccDsEJmF.s:31     .text:0000000000000024 .L0 
     /tmp/ccDsEJmF.s:35     .text:000000000000002c .L0 
     /tmp/ccDsEJmF.s:36     .text:000000000000002c .L0 
     /tmp/ccDsEJmF.s:39     .text:0000000000000034 .L0 
     /tmp/ccDsEJmF.s:40     .text:0000000000000038 .L0 
     /tmp/ccDsEJmF.s:42     .text:000000000000003c .L0 
     /tmp/ccDsEJmF.s:43     .text:000000000000003c .L0 
     /tmp/ccDsEJmF.s:45     .text:0000000000000040 .L0 
     /tmp/ccDsEJmF.s:47     .text:0000000000000044 .L0 
     /tmp/ccDsEJmF.s:53     .text:0000000000000044 _ZN3TCB12createThreadEPFvPvES0_Pc
     /tmp/ccDsEJmF.s:56     .text:0000000000000044 .L0 
     /tmp/ccDsEJmF.s:2431   .data.rel.local.DW.ref.__gxx_personality_v0:0000000000000000 DW.ref.__gxx_personality_v0
     /tmp/ccDsEJmF.s:60     .text:0000000000000044 .L0 
     /tmp/ccDsEJmF.s:61     .text:0000000000000048 .L0 
     /tmp/ccDsEJmF.s:68     .text:0000000000000060 .L0 
     /tmp/ccDsEJmF.s:69     .text:0000000000000060 .L0 
     /tmp/ccDsEJmF.s:70     .text:0000000000000060 .L0 
     /tmp/ccDsEJmF.s:71     .text:0000000000000060 .L0 
     /tmp/ccDsEJmF.s:72     .text:0000000000000060 .L0 
     /tmp/ccDsEJmF.s:73     .text:0000000000000060 .L0 
     /tmp/ccDsEJmF.s:75     .text:0000000000000064 .L0 
     /tmp/ccDsEJmF.s:80     .text:0000000000000070 .L0 
     /tmp/ccDsEJmF.s:81     .text:0000000000000070 .L0 
     /tmp/ccDsEJmF.s:93     .text:0000000000000080 .L0 
     /tmp/ccDsEJmF.s:96     .text:0000000000000088 .L0 
     /tmp/ccDsEJmF.s:100    .text:000000000000008c .L0 
     /tmp/ccDsEJmF.s:104    .text:000000000000009c .L0 
     /tmp/ccDsEJmF.s:106    .text:00000000000000a0 .L0 
     /tmp/ccDsEJmF.s:110    .text:00000000000000a8 .L0 
     /tmp/ccDsEJmF.s:115    .text:00000000000000b8 .L0 
     /tmp/ccDsEJmF.s:117    .text:00000000000000bc .L0 
     /tmp/ccDsEJmF.s:118    .text:00000000000000bc .L0 
     /tmp/ccDsEJmF.s:127    .text:00000000000000cc .L0 
     /tmp/ccDsEJmF.s:132    .text:00000000000000d4 .L0 
     /tmp/ccDsEJmF.s:139    .text:00000000000000e0 .L0 
     /tmp/ccDsEJmF.s:149    .text:00000000000000f8 .L0 
     /tmp/ccDsEJmF.s:151    .text:0000000000000100 .L0 
     /tmp/ccDsEJmF.s:153    .text:0000000000000104 .L0 
     /tmp/ccDsEJmF.s:154    .text:0000000000000104 .L0 
     /tmp/ccDsEJmF.s:156    .text:0000000000000108 .L0 
     /tmp/ccDsEJmF.s:159    .text:000000000000010c .L0 
     /tmp/ccDsEJmF.s:161    .text:0000000000000110 .L0 
     /tmp/ccDsEJmF.s:164    .text:0000000000000114 .L0 
     /tmp/ccDsEJmF.s:167    .text:0000000000000118 .L0 
GAS LISTING /tmp/ccDsEJmF.s 			page 10


     /tmp/ccDsEJmF.s:169    .text:000000000000011c .L0 
     /tmp/ccDsEJmF.s:195    .text:000000000000011c _ZN3TCB8dispatchEv
     /tmp/ccDsEJmF.s:198    .text:000000000000011c .L0 
     /tmp/ccDsEJmF.s:199    .text:000000000000011c .L0 
     /tmp/ccDsEJmF.s:200    .text:0000000000000120 .L0 
     /tmp/ccDsEJmF.s:204    .text:000000000000012c .L0 
     /tmp/ccDsEJmF.s:205    .text:000000000000012c .L0 
     /tmp/ccDsEJmF.s:206    .text:000000000000012c .L0 
     /tmp/ccDsEJmF.s:208    .text:0000000000000130 .L0 
     /tmp/ccDsEJmF.s:210    .text:0000000000000130 .L0 
     /tmp/ccDsEJmF.s:211    .text:0000000000000130 .L0 
     /tmp/ccDsEJmF.s:216    .text:0000000000000138 .L0 
     /tmp/ccDsEJmF.s:217    .text:0000000000000138 .L0 
     /tmp/ccDsEJmF.s:218    .text:0000000000000138 .L0 
     /tmp/ccDsEJmF.s:224    .text:0000000000000140 .L0 
     /tmp/ccDsEJmF.s:229    .text:0000000000000144 .L0 
     /tmp/ccDsEJmF.s:230    .text:0000000000000144 .L0 
     /tmp/ccDsEJmF.s:235    .text:0000000000000148 .L0 
     /tmp/ccDsEJmF.s:238    .text:000000000000014c .L0 
     /tmp/ccDsEJmF.s:239    .text:000000000000014c .L0 
     /tmp/ccDsEJmF.s:242    .text:0000000000000154 .L0 
     /tmp/ccDsEJmF.s:244    .text:000000000000015c .L0 
     /tmp/ccDsEJmF.s:246    .text:0000000000000160 .L0 
     /tmp/ccDsEJmF.s:247    .text:0000000000000160 .L0 
     /tmp/ccDsEJmF.s:253    .text:0000000000000170 .L0 
     /tmp/ccDsEJmF.s:254    .text:0000000000000174 .L0 
     /tmp/ccDsEJmF.s:255    .text:0000000000000174 .L0 
     /tmp/ccDsEJmF.s:257    .text:0000000000000178 .L0 
     /tmp/ccDsEJmF.s:258    .text:0000000000000178 .L0 
     /tmp/ccDsEJmF.s:260    .text:000000000000017c .L0 
     /tmp/ccDsEJmF.s:263    .text:0000000000000180 .L0 
     /tmp/ccDsEJmF.s:267    .text:0000000000000184 .L0 
     /tmp/ccDsEJmF.s:269    .text:0000000000000184 .L0 
     /tmp/ccDsEJmF.s:270    .text:0000000000000184 .L0 
     /tmp/ccDsEJmF.s:274    .text:0000000000000194 .L0 
     /tmp/ccDsEJmF.s:283    .bss:0000000000000000 _ZN3TCB7runningE
     /tmp/ccDsEJmF.s:280    .bss:0000000000000000 .LANCHOR0
     /tmp/ccDsEJmF.s:291    .text:0000000000000194 .L0 
     /tmp/ccDsEJmF.s:28     .text:0000000000000018 .L0 
     /tmp/ccDsEJmF.s:101    .text:0000000000000090 .L0 
     /tmp/ccDsEJmF.s:211    .text:0000000000000130 .L0 
     /tmp/ccDsEJmF.s:242    .text:0000000000000154 .L0 
     /tmp/ccDsEJmF.s:125    .text:00000000000000cc .L12
     /tmp/ccDsEJmF.s:130    .text:00000000000000d4 .L9
     /tmp/ccDsEJmF.s:147    .text:00000000000000f8 .L3
     /tmp/ccDsEJmF.s:98     .text:000000000000008c .L4
     /tmp/ccDsEJmF.s:108    .text:00000000000000a8 .L5
     /tmp/ccDsEJmF.s:236    .text:000000000000014c .L14
     /tmp/ccDsEJmF.s:266    .text:0000000000000184 .L17
     /tmp/ccDsEJmF.s:251    .text:0000000000000170 .L13
     /tmp/ccDsEJmF.s:83     .text:0000000000000074 .LEHB0
     /tmp/ccDsEJmF.s:54     .text:0000000000000044 .LFB34
     /tmp/ccDsEJmF.s:86     .text:000000000000007c .LEHE0
     /tmp/ccDsEJmF.s:119    .text:00000000000000c0 .LEHB1
     /tmp/ccDsEJmF.s:122    .text:00000000000000c8 .LEHE1
     /tmp/ccDsEJmF.s:134    .text:00000000000000dc .L10
     /tmp/ccDsEJmF.s:143    .text:00000000000000f0 .LEHB2
GAS LISTING /tmp/ccDsEJmF.s 			page 11


     /tmp/ccDsEJmF.s:146    .text:00000000000000f8 .LEHE2
     /tmp/ccDsEJmF.s:1173   .debug_abbrev:0000000000000000 .Ldebug_abbrev0
     /tmp/ccDsEJmF.s:2387   .debug_str:0000000000000544 .LASF96
     /tmp/ccDsEJmF.s:2309   .debug_str:0000000000000336 .LASF97
     /tmp/ccDsEJmF.s:2419   .debug_str:0000000000000701 .LASF98
     /tmp/ccDsEJmF.s:5      .text:0000000000000000 .Ltext0
     /tmp/ccDsEJmF.s:286    .text:0000000000000194 .Letext0
     /tmp/ccDsEJmF.s:2199   .debug_line:0000000000000000 .Ldebug_line0
     /tmp/ccDsEJmF.s:2327   .debug_str:00000000000003b1 .LASF0
     /tmp/ccDsEJmF.s:2339   .debug_str:00000000000003e7 .LASF1
     /tmp/ccDsEJmF.s:2315   .debug_str:0000000000000353 .LASF2
     /tmp/ccDsEJmF.s:2289   .debug_str:00000000000002a6 .LASF4
     /tmp/ccDsEJmF.s:2367   .debug_str:00000000000004b1 .LASF3
     /tmp/ccDsEJmF.s:2223   .debug_str:000000000000007a .LASF5
     /tmp/ccDsEJmF.s:2343   .debug_str:000000000000040b .LASF6
     /tmp/ccDsEJmF.s:2325   .debug_str:000000000000039e .LASF7
     /tmp/ccDsEJmF.s:2393   .debug_str:000000000000062b .LASF8
     /tmp/ccDsEJmF.s:2275   .debug_str:000000000000021c .LASF9
     /tmp/ccDsEJmF.s:2351   .debug_str:0000000000000438 .LASF10
     /tmp/ccDsEJmF.s:2391   .debug_str:000000000000061c .LASF11
     /tmp/ccDsEJmF.s:2225   .debug_str:0000000000000081 .LASF12
     /tmp/ccDsEJmF.s:2205   .debug_str:0000000000000022 .LASF13
     /tmp/ccDsEJmF.s:2235   .debug_str:00000000000000e3 .LASF14
     /tmp/ccDsEJmF.s:2361   .debug_str:0000000000000476 .LASF15
     /tmp/ccDsEJmF.s:2243   .debug_str:000000000000011c .LASF16
     /tmp/ccDsEJmF.s:2335   .debug_str:00000000000003d4 .LASF57
     /tmp/ccDsEJmF.s:2359   .debug_str:000000000000046b .LASF17
     /tmp/ccDsEJmF.s:2409   .debug_str:00000000000006b5 .LASF19
     /tmp/ccDsEJmF.s:2221   .debug_str:000000000000006c .LASF18
     /tmp/ccDsEJmF.s:2253   .debug_str:0000000000000178 .LASF20
     /tmp/ccDsEJmF.s:2379   .debug_str:000000000000050b .LASF21
     /tmp/ccDsEJmF.s:2203   .debug_str:0000000000000008 .LASF22
     /tmp/ccDsEJmF.s:2207   .debug_str:0000000000000032 .LASF23
     /tmp/ccDsEJmF.s:2377   .debug_str:00000000000004f6 .LASF25
     /tmp/ccDsEJmF.s:2251   .debug_str:000000000000016f .LASF27
     /tmp/ccDsEJmF.s:2249   .debug_str:000000000000015a .LASF29
     /tmp/ccDsEJmF.s:2369   .debug_str:00000000000004c3 .LASF24
     /tmp/ccDsEJmF.s:2353   .debug_str:0000000000000447 .LASF26
     /tmp/ccDsEJmF.s:2385   .debug_str:000000000000053d .LASF28
     /tmp/ccDsEJmF.s:2381   .debug_str:0000000000000518 .LASF30
     /tmp/ccDsEJmF.s:2267   .debug_str:00000000000001e2 .LASF31
     /tmp/ccDsEJmF.s:2245   .debug_str:0000000000000132 .LASF32
     /tmp/ccDsEJmF.s:2201   .debug_str:0000000000000000 .LASF33
     /tmp/ccDsEJmF.s:2279   .debug_str:0000000000000240 .LASF34
     /tmp/ccDsEJmF.s:2257   .debug_str:000000000000019b .LASF35
     /tmp/ccDsEJmF.s:2227   .debug_str:0000000000000091 .LASF36
     /tmp/ccDsEJmF.s:2415   .debug_str:00000000000006e2 .LASF37
     /tmp/ccDsEJmF.s:2259   .debug_str:00000000000001a3 .LASF38
     /tmp/ccDsEJmF.s:2329   .debug_str:00000000000003be .LASF39
     /tmp/ccDsEJmF.s:2405   .debug_str:000000000000069d .LASF40
     /tmp/ccDsEJmF.s:2219   .debug_str:0000000000000065 .LASF41
     /tmp/ccDsEJmF.s:2265   .debug_str:00000000000001cf .LASF42
     /tmp/ccDsEJmF.s:2271   .debug_str:00000000000001ff .LASF43
     /tmp/ccDsEJmF.s:2383   .debug_str:000000000000052b .LASF44
     /tmp/ccDsEJmF.s:2217   .debug_str:000000000000005f .LASF45
     /tmp/ccDsEJmF.s:2423   .debug_str:000000000000073c .LASF46
     /tmp/ccDsEJmF.s:2413   .debug_str:00000000000006d7 .LASF47
GAS LISTING /tmp/ccDsEJmF.s 			page 12


     /tmp/ccDsEJmF.s:2365   .debug_str:0000000000000499 .LASF48
     /tmp/ccDsEJmF.s:2297   .debug_str:00000000000002d1 .LASF49
     /tmp/ccDsEJmF.s:2305   .debug_str:0000000000000314 .LASF50
     /tmp/ccDsEJmF.s:2233   .debug_str:00000000000000d9 .LASF51
     /tmp/ccDsEJmF.s:2285   .debug_str:0000000000000268 .LASF52
     /tmp/ccDsEJmF.s:2319   .debug_str:000000000000036d .LASF53
     /tmp/ccDsEJmF.s:2277   .debug_str:000000000000022a .LASF54
     /tmp/ccDsEJmF.s:2371   .debug_str:00000000000004ca .LASF55
     /tmp/ccDsEJmF.s:2229   .debug_str:00000000000000a5 .LASF56
     /tmp/ccDsEJmF.s:2395   .debug_str:000000000000063b .LASF65
     /tmp/ccDsEJmF.s:2301   .debug_str:00000000000002e4 .LASF67
     /tmp/ccDsEJmF.s:2349   .debug_str:000000000000042e .LASF58
     /tmp/ccDsEJmF.s:2397   .debug_str:0000000000000650 .LASF99
     /tmp/ccDsEJmF.s:2247   .debug_str:0000000000000146 .LASF100
     /tmp/ccDsEJmF.s:2231   .debug_str:00000000000000c1 .LASF101
     /tmp/ccDsEJmF.s:2307   .debug_str:000000000000032c .LASF102
     /tmp/ccDsEJmF.s:2213   .debug_str:000000000000004b .LASF103
     /tmp/ccDsEJmF.s:2401   .debug_str:000000000000067b .LASF104
     /tmp/ccDsEJmF.s:2357   .debug_str:0000000000000466 .LASF105
     /tmp/ccDsEJmF.s:2295   .debug_str:00000000000002cc .LASF59
     /tmp/ccDsEJmF.s:2363   .debug_str:000000000000048c .LASF60
     /tmp/ccDsEJmF.s:2333   .debug_str:00000000000003ce .LASF61
     /tmp/ccDsEJmF.s:2299   .debug_str:00000000000002dc .LASF62
     /tmp/ccDsEJmF.s:2293   .debug_str:00000000000002c3 .LASF63
     /tmp/ccDsEJmF.s:2237   .debug_str:00000000000000ef .LASF64
     /tmp/ccDsEJmF.s:2303   .debug_str:0000000000000306 .LASF66
     /tmp/ccDsEJmF.s:2399   .debug_str:0000000000000662 .LASF68
     /tmp/ccDsEJmF.s:2281   .debug_str:0000000000000254 .LASF69
     /tmp/ccDsEJmF.s:2355   .debug_str:000000000000045a .LASF71
     /tmp/ccDsEJmF.s:2345   .debug_str:000000000000041e .LASF73
     /tmp/ccDsEJmF.s:2273   .debug_str:0000000000000205 .LASF75
     /tmp/ccDsEJmF.s:2317   .debug_str:0000000000000361 .LASF70
     /tmp/ccDsEJmF.s:2417   .debug_str:00000000000006ea .LASF72
     /tmp/ccDsEJmF.s:2211   .debug_str:0000000000000041 .LASF74
     /tmp/ccDsEJmF.s:2269   .debug_str:00000000000001ea .LASF76
     /tmp/ccDsEJmF.s:2311   .debug_str:0000000000000342 .LASF77
     /tmp/ccDsEJmF.s:2389   .debug_str:0000000000000608 .LASF78
     /tmp/ccDsEJmF.s:2337   .debug_str:00000000000003da .LASF79
     /tmp/ccDsEJmF.s:2321   .debug_str:0000000000000377 .LASF80
     /tmp/ccDsEJmF.s:2255   .debug_str:0000000000000193 .LASF106
     /tmp/ccDsEJmF.s:2331   .debug_str:00000000000003c5 .LASF81
     /tmp/ccDsEJmF.s:2261   .debug_str:00000000000001b7 .LASF82
     /tmp/ccDsEJmF.s:2239   .debug_str:00000000000000f6 .LASF83
     /tmp/ccDsEJmF.s:2287   .debug_str:000000000000027e .LASF107
     /tmp/ccDsEJmF.s:2347   .debug_str:0000000000000429 .LASF84
     /tmp/ccDsEJmF.s:2263   .debug_str:00000000000001ca .LASF85
     /tmp/ccDsEJmF.s:2421   .debug_str:000000000000072b .LASF108
     /tmp/ccDsEJmF.s:10     .text:0000000000000000 .LFB36
     /tmp/ccDsEJmF.s:48     .text:0000000000000044 .LFE36
     /tmp/ccDsEJmF.s:25     .text:0000000000000018 .LVL0
     /tmp/ccDsEJmF.s:37     .text:0000000000000034 .LVL2
     /tmp/ccDsEJmF.s:196    .text:000000000000011c .LFB35
     /tmp/ccDsEJmF.s:275    .text:0000000000000194 .LFE35
     /tmp/ccDsEJmF.s:2032   .debug_loc:0000000000000000 .LLST7
     /tmp/ccDsEJmF.s:214    .text:0000000000000138 .LBB11
     /tmp/ccDsEJmF.s:222    .text:0000000000000140 .LBE11
     /tmp/ccDsEJmF.s:2043   .debug_loc:0000000000000036 .LLST8
GAS LISTING /tmp/ccDsEJmF.s 			page 13


     /tmp/ccDsEJmF.s:226    .text:0000000000000144 .LBB13
     /tmp/ccDsEJmF.s:233    .text:0000000000000148 .LBE13
     /tmp/ccDsEJmF.s:2050   .debug_loc:0000000000000059 .LLST9
     /tmp/ccDsEJmF.s:240    .text:0000000000000154 .LVL20
     /tmp/ccDsEJmF.s:250    .text:0000000000000170 .LVL21
     /tmp/ccDsEJmF.s:272    .text:0000000000000190 .LVL24
     /tmp/ccDsEJmF.s:170    .text:000000000000011c .LFE34
     /tmp/ccDsEJmF.s:2057   .debug_loc:000000000000007c .LLST0
     /tmp/ccDsEJmF.s:2411   .debug_str:00000000000006cd .LASF86
     /tmp/ccDsEJmF.s:2075   .debug_loc:00000000000000c8 .LLST1
     /tmp/ccDsEJmF.s:2403   .debug_str:0000000000000691 .LASF87
     /tmp/ccDsEJmF.s:2093   .debug_loc:0000000000000114 .LLST2
     /tmp/ccDsEJmF.s:89     .text:0000000000000080 .LBB9
     /tmp/ccDsEJmF.s:137    .text:00000000000000e0 .LBE9
     /tmp/ccDsEJmF.s:2122   .debug_loc:0000000000000189 .LLST3
     /tmp/ccDsEJmF.s:2147   .debug_loc:00000000000001eb .LLST4
     /tmp/ccDsEJmF.s:2161   .debug_loc:0000000000000224 .LLST5
     /tmp/ccDsEJmF.s:2175   .debug_loc:000000000000025d .LLST6
     /tmp/ccDsEJmF.s:121    .text:00000000000000c8 .LVL8
     /tmp/ccDsEJmF.s:85     .text:000000000000007c .LVL5
     /tmp/ccDsEJmF.s:141    .text:00000000000000ec .LVL11
     /tmp/ccDsEJmF.s:145    .text:00000000000000f8 .LVL12
     /tmp/ccDsEJmF.s:2407   .debug_str:00000000000006b0 .LASF88
     /tmp/ccDsEJmF.s:2323   .debug_str:0000000000000399 .LASF89
     /tmp/ccDsEJmF.s:2291   .debug_str:00000000000002ad .LASF109
     /tmp/ccDsEJmF.s:2341   .debug_str:00000000000003fa .LASF110
     /tmp/ccDsEJmF.s:2215   .debug_str:0000000000000053 .LASF111
     /tmp/ccDsEJmF.s:2209   .debug_str:000000000000003b .LASF90
     /tmp/ccDsEJmF.s:2375   .debug_str:00000000000004e9 .LASF92
     /tmp/ccDsEJmF.s:2313   .debug_str:000000000000034c .LASF91
     /tmp/ccDsEJmF.s:2373   .debug_str:00000000000004d9 .LASF93
     /tmp/ccDsEJmF.s:2283   .debug_str:0000000000000259 .LASF94
     /tmp/ccDsEJmF.s:2241   .debug_str:0000000000000104 .LASF95
     /tmp/ccDsEJmF.s:212    .text:0000000000000138 .LVL16
     /tmp/ccDsEJmF.s:261    .text:000000000000017c .LVL22
     /tmp/ccDsEJmF.s:265    .text:0000000000000184 .LVL23
     /tmp/ccDsEJmF.s:220    .text:0000000000000140 .LVL17
     /tmp/ccDsEJmF.s:225    .text:0000000000000144 .LVL18
     /tmp/ccDsEJmF.s:231    .text:0000000000000148 .LVL19
     /tmp/ccDsEJmF.s:59     .text:0000000000000044 .LVL3
     /tmp/ccDsEJmF.s:82     .text:0000000000000074 .LVL4
     /tmp/ccDsEJmF.s:162    .text:0000000000000110 .LVL14
     /tmp/ccDsEJmF.s:165    .text:0000000000000114 .LVL15
     /tmp/ccDsEJmF.s:97     .text:000000000000008c .LVL7
     /tmp/ccDsEJmF.s:124    .text:00000000000000cc .LVL9
     /tmp/ccDsEJmF.s:128    .text:00000000000000d0 .LVL10
     /tmp/ccDsEJmF.s:88     .text:0000000000000080 .LVL6
     /tmp/ccDsEJmF.s:157    .text:0000000000000108 .LVL13
     /tmp/ccDsEJmF.s:292    .debug_info:0000000000000000 .Ldebug_info0
     /tmp/ccDsEJmF.s:173    .gcc_except_table:0000000000000000 .LLSDA34

UNDEFINED SYMBOLS
_ZN5Riscv10popSppSpieEv
_Z11thread_exitv
_Znwm
_ZN9Scheduler3putEP3TCB
_ZdlPv
GAS LISTING /tmp/ccDsEJmF.s 			page 14


_Unwind_Resume
__gxx_personality_v0
_ZN9Scheduler3getEv
_ZN3TCB13contextSwitchEPNS_7ContextES1_
